This file contains any messages produced by compilers while
running configure, to aid debugging if configure makes a mistake.

It was created by openocd configure 0.10.0, which was
generated by GNU Autoconf 2.69.  Invocation command line was

  $ ./configure --no-create --no-recursion

## --------- ##
## Platform. ##
## --------- ##

hostname = AntergosBig
uname -m = x86_64
uname -r = 5.0.9-arch1-1-ARCH
uname -s = Linux
uname -v = #1 SMP PREEMPT Sat Apr 20 15:00:46 UTC 2019

/usr/bin/uname -p = unknown
/bin/uname -X     = unknown

/bin/arch              = unknown
/usr/bin/arch -k       = unknown
/usr/convex/getsysinfo = unknown
/usr/bin/hostinfo      = unknown
/bin/machine           = unknown
/usr/bin/oslevel       = unknown
/bin/universe          = unknown

PATH: /usr/local/bin
PATH: /usr/bin
PATH: /bin
PATH: /usr/local/sbin
PATH: /usr/lib/jvm/default/bin
PATH: /usr/bin/site_perl
PATH: /usr/bin/vendor_perl
PATH: /usr/bin/core_perl


## ----------- ##
## Core tests. ##
## ----------- ##

configure:2565: checking for makeinfo
configure:2581: found /usr/bin/makeinfo
configure:2592: result: makeinfo
configure:2654: checking for a BSD-compatible install
configure:2722: result: /usr/bin/install -c
configure:2733: checking whether build environment is sane
configure:2788: result: yes
configure:2937: checking for a thread-safe mkdir -p
configure:2976: result: /usr/bin/mkdir -p
configure:2983: checking for gawk
configure:2999: found /usr/bin/gawk
configure:3010: result: gawk
configure:3021: checking whether make sets $(MAKE)
configure:3043: result: yes
configure:3072: checking whether make supports nested variables
configure:3089: result: yes
configure:3274: checking for gcc
configure:3290: found /usr/bin/gcc
configure:3301: result: gcc
configure:3530: checking for C compiler version
configure:3539: gcc --version >&5
gcc (GCC) 8.3.0
Copyright (C) 2018 Free Software Foundation, Inc.
This is free software; see the source for copying conditions.  There is NO
warranty; not even for MERCHANTABILITY or FITNESS FOR A PARTICULAR PURPOSE.

configure:3550: $? = 0
configure:3539: gcc -v >&5
Using built-in specs.
COLLECT_GCC=gcc
COLLECT_LTO_WRAPPER=/usr/lib/gcc/x86_64-pc-linux-gnu/8.3.0/lto-wrapper
Target: x86_64-pc-linux-gnu
Configured with: /build/gcc/src/gcc/configure --prefix=/usr --libdir=/usr/lib --libexecdir=/usr/lib --mandir=/usr/share/man --infodir=/usr/share/info --with-bugurl=https://bugs.archlinux.org/ --enable-languages=c,c++,ada,fortran,go,lto,objc,obj-c++ --enable-shared --enable-threads=posix --enable-libmpx --with-system-zlib --with-isl --enable-__cxa_atexit --disable-libunwind-exceptions --enable-clocale=gnu --disable-libstdcxx-pch --disable-libssp --enable-gnu-unique-object --enable-linker-build-id --enable-lto --enable-plugin --enable-install-libiberty --with-linker-hash-style=gnu --enable-gnu-indirect-function --enable-multilib --disable-werror --enable-checking=release --enable-default-pie --enable-default-ssp --enable-cet=auto
Thread model: posix
gcc version 8.3.0 (GCC) 
configure:3550: $? = 0
configure:3539: gcc -V >&5
gcc: error: unrecognized command line option '-V'
gcc: fatal error: no input files
compilation terminated.
configure:3550: $? = 1
configure:3539: gcc -qversion >&5
gcc: error: unrecognized command line option '-qversion'; did you mean '--version'?
gcc: fatal error: no input files
compilation terminated.
configure:3550: $? = 1
configure:3570: checking whether the C compiler works
configure:3592: gcc    conftest.c  >&5
configure:3596: $? = 0
configure:3644: result: yes
configure:3647: checking for C compiler default output file name
configure:3649: result: a.out
configure:3655: checking for suffix of executables
configure:3662: gcc -o conftest    conftest.c  >&5
configure:3666: $? = 0
configure:3688: result: 
configure:3710: checking whether we are cross compiling
configure:3718: gcc -o conftest    conftest.c  >&5
configure:3722: $? = 0
configure:3729: ./conftest
configure:3733: $? = 0
configure:3721: result: no
configure:3726: checking for suffix of object files
configure:3748: gcc -c   conftest.c >&5
configure:3752: $? = 0
configure:3773: result: o
configure:3777: checking whether we are using the GNU C compiler
configure:3796: gcc -c   conftest.c >&5
configure:3796: $? = 0
configure:3805: result: yes
configure:3814: checking whether gcc accepts -g
configure:3834: gcc -c -g  conftest.c >&5
configure:3834: $? = 0
configure:3875: result: yes
configure:3892: checking for gcc option to accept ISO C89
configure:3955: gcc  -c -g -O2  conftest.c >&5
configure:3955: $? = 0
configure:3968: result: none needed
configure:3993: checking whether gcc understands -c and -o together
configure:4015: gcc -c conftest.c -o conftest2.o
configure:4018: $? = 0
configure:4015: gcc -c conftest.c -o conftest2.o
configure:4018: $? = 0
configure:4030: result: yes
configure:4050: checking whether make supports the include directive
configure:4065: make -f confmf.GNU && cat confinc.out
make[1]: Entering directory '/home/martin/ti-openocd/openocd'
make[1]: Leaving directory '/home/martin/ti-openocd/openocd'
this is the am__doit target
configure:4068: $? = 0
configure:4087: result: yes (GNU style)
configure:4112: checking dependency style of gcc
configure:4223: result: gcc3
configure:4238: checking for gcc option to accept ISO C99
configure:4387: gcc  -c -g -O2  conftest.c >&5
configure:4387: $? = 0
configure:4400: result: none needed
configure:4459: checking for ranlib
configure:4475: found /usr/bin/ranlib
configure:4486: result: ranlib
configure:4562: checking for pkg-config
configure:4580: found /usr/bin/pkg-config
configure:4592: result: /usr/bin/pkg-config
configure:4617: checking pkg-config is at least version 0.23
configure:4620: result: yes
configure:4692: checking build system type
configure:4706: result: x86_64-pc-linux-gnu
configure:4726: checking host system type
configure:4739: result: x86_64-pc-linux-gnu
configure:4780: checking how to print strings
configure:4807: result: printf
configure:4828: checking for a sed that does not truncate output
configure:4892: result: /usr/bin/sed
configure:4910: checking for grep that handles long lines and -e
configure:4968: result: /usr/bin/grep
configure:4973: checking for egrep
configure:5035: result: /usr/bin/grep -E
configure:5040: checking for fgrep
configure:5102: result: /usr/bin/grep -F
configure:5137: checking for ld used by gcc
configure:5204: result: /usr/bin/ld
configure:5211: checking if the linker (/usr/bin/ld) is GNU ld
configure:5226: result: yes
configure:5238: checking for BSD- or MS-compatible name lister (nm)
configure:5292: result: /usr/bin/nm -B
configure:5422: checking the name lister (/usr/bin/nm -B) interface
configure:5429: gcc -c -g -O2  conftest.c >&5
configure:5432: /usr/bin/nm -B "conftest.o"
configure:5435: output
0000000000000000 B some_variable
configure:5436: result: BSD nm
configure:5439: checking whether ln -s works
configure:5443: result: yes
configure:5451: checking the maximum length of command line arguments
configure:5582: result: 1572864
configure:5630: checking how to convert x86_64-pc-linux-gnu file names to x86_64-pc-linux-gnu format
configure:5670: result: func_convert_file_noop
configure:5677: checking how to convert x86_64-pc-linux-gnu file names to toolchain format
configure:5697: result: func_convert_file_noop
configure:5704: checking for /usr/bin/ld option to reload object files
configure:5711: result: -r
configure:5785: checking for objdump
configure:5801: found /usr/bin/objdump
configure:5812: result: objdump
configure:5844: checking how to recognize dependent libraries
configure:6044: result: pass_all
configure:6129: checking for dlltool
configure:6159: result: no
configure:6189: checking how to associate runtime and link libraries
configure:6216: result: printf %s\n
configure:6277: checking for ar
configure:6293: found /usr/bin/ar
configure:6304: result: ar
configure:6357: checking for archiver @FILE support
configure:6374: gcc -c -g -O2  conftest.c >&5
configure:6374: $? = 0
configure:6377: ar cr libconftest.a @conftest.lst >&5
configure:6380: $? = 0
configure:6385: ar cr libconftest.a @conftest.lst >&5
ar: conftest.o: No such file or directory
configure:6388: $? = 1
configure:6387: result: @
configure:6445: checking for strip
configure:6461: found /usr/bin/strip
configure:6472: result: strip
configure:6544: checking for ranlib
configure:6571: result: ranlib
configure:6673: checking command to parse /usr/bin/nm -B output from gcc object
configure:6826: gcc -c -g -O2  conftest.c >&5
configure:6829: $? = 0
configure:6833: /usr/bin/nm -B conftest.o \| sed -n -e 's/^.*[ ]\([ABCDGIRSTW][ABCDGIRSTW]*\)[ ][ ]*\([_A-Za-z][_A-Za-z0-9]*\)$/\1 \2 \2/p' | sed '/ __gnu_lto/d' \> conftest.nm
configure:6836: $? = 0
configure:6902: gcc -o conftest -g -O2   conftest.c conftstm.o >&5
configure:6905: $? = 0
configure:6943: result: ok
configure:6990: checking for sysroot
configure:7020: result: no
configure:7027: checking for a working dd
configure:7065: result: /usr/bin/dd
configure:7069: checking how to truncate binary pipes
configure:7084: result: /usr/bin/dd bs=4096 count=1
configure:7220: gcc -c -g -O2  conftest.c >&5
configure:7223: $? = 0
configure:7413: checking for mt
configure:7443: result: no
configure:7463: checking if : is a manifest tool
configure:7469: : '-?'
configure:7477: result: no
configure:8154: checking how to run the C preprocessor
configure:8185: gcc -E  conftest.c
configure:8185: $? = 0
configure:8199: gcc -E  conftest.c
conftest.c:11:10: fatal error: ac_nonexistent.h: No such file or directory
 #include <ac_nonexistent.h>
          ^~~~~~~~~~~~~~~~~~
compilation terminated.
configure:8199: $? = 1
configure: failed program was:
| /* confdefs.h */
| #define PACKAGE_NAME "openocd"
| #define PACKAGE_TARNAME "openocd"
| #define PACKAGE_VERSION "0.10.0"
| #define PACKAGE_STRING "openocd 0.10.0"
| #define PACKAGE_BUGREPORT "OpenOCD Mailing List <openocd-devel@lists.sourceforge.net>"
| #define PACKAGE_URL ""
| #define PACKAGE "openocd"
| #define VERSION "0.10.0"
| /* end confdefs.h.  */
| #include <ac_nonexistent.h>
configure:8224: result: gcc -E
configure:8244: gcc -E  conftest.c
configure:8244: $? = 0
configure:8258: gcc -E  conftest.c
conftest.c:11:10: fatal error: ac_nonexistent.h: No such file or directory
 #include <ac_nonexistent.h>
          ^~~~~~~~~~~~~~~~~~
compilation terminated.
configure:8258: $? = 1
configure: failed program was:
| /* confdefs.h */
| #define PACKAGE_NAME "openocd"
| #define PACKAGE_TARNAME "openocd"
| #define PACKAGE_VERSION "0.10.0"
| #define PACKAGE_STRING "openocd 0.10.0"
| #define PACKAGE_BUGREPORT "OpenOCD Mailing List <openocd-devel@lists.sourceforge.net>"
| #define PACKAGE_URL ""
| #define PACKAGE "openocd"
| #define VERSION "0.10.0"
| /* end confdefs.h.  */
| #include <ac_nonexistent.h>
configure:8287: checking for ANSI C header files
configure:8307: gcc -c -g -O2  conftest.c >&5
configure:8307: $? = 0
configure:8380: gcc -o conftest -g -O2   conftest.c  >&5
configure:8380: $? = 0
configure:8380: ./conftest
configure:8380: $? = 0
configure:8391: result: yes
configure:8404: checking for sys/types.h
configure:8404: gcc -c -g -O2  conftest.c >&5
configure:8404: $? = 0
configure:8404: result: yes
configure:8404: checking for sys/stat.h
configure:8404: gcc -c -g -O2  conftest.c >&5
configure:8404: $? = 0
configure:8404: result: yes
configure:8404: checking for stdlib.h
configure:8404: gcc -c -g -O2  conftest.c >&5
configure:8404: $? = 0
configure:8404: result: yes
configure:8404: checking for string.h
configure:8404: gcc -c -g -O2  conftest.c >&5
configure:8404: $? = 0
configure:8404: result: yes
configure:8404: checking for memory.h
configure:8404: gcc -c -g -O2  conftest.c >&5
configure:8404: $? = 0
configure:8404: result: yes
configure:8404: checking for strings.h
configure:8404: gcc -c -g -O2  conftest.c >&5
configure:8404: $? = 0
configure:8404: result: yes
configure:8404: checking for inttypes.h
configure:8404: gcc -c -g -O2  conftest.c >&5
configure:8404: $? = 0
configure:8404: result: yes
configure:8404: checking for stdint.h
configure:8404: gcc -c -g -O2  conftest.c >&5
configure:8404: $? = 0
configure:8404: result: yes
configure:8404: checking for unistd.h
configure:8404: gcc -c -g -O2  conftest.c >&5
configure:8404: $? = 0
configure:8404: result: yes
configure:8418: checking for dlfcn.h
configure:8418: gcc -c -g -O2  conftest.c >&5
configure:8418: $? = 0
configure:8418: result: yes
configure:8644: checking for objdir
configure:8659: result: .libs
configure:8919: checking if gcc supports -fno-rtti -fno-exceptions
configure:8937: gcc -c -g -O2  -fno-rtti -fno-exceptions conftest.c >&5
cc1: warning: command line option '-fno-rtti' is valid for C++/ObjC++ but not for C
configure:8941: $? = 0
configure:8954: result: no
configure:9312: checking for gcc option to produce PIC
configure:9319: result: -fPIC -DPIC
configure:9327: checking if gcc PIC flag -fPIC -DPIC works
configure:9345: gcc -c -g -O2  -fPIC -DPIC -DPIC conftest.c >&5
configure:9349: $? = 0
configure:9362: result: yes
configure:9391: checking if gcc static flag -static works
configure:9419: result: yes
configure:9434: checking if gcc supports -c -o file.o
configure:9455: gcc -c -g -O2  -o out/conftest2.o conftest.c >&5
configure:9459: $? = 0
configure:9481: result: yes
configure:9489: checking if gcc supports -c -o file.o
configure:9536: result: yes
configure:9569: checking whether the gcc linker (/usr/bin/ld -m elf_x86_64) supports shared libraries
configure:10830: result: yes
configure:11070: checking dynamic linker characteristics
configure:11651: gcc -o conftest -g -O2   -Wl,-rpath -Wl,/foo conftest.c  >&5
configure:11651: $? = 0
configure:11888: result: GNU/Linux ld.so
configure:12010: checking how to hardcode library paths into programs
configure:12035: result: immediate
configure:12583: checking whether stripping libraries is possible
configure:12592: result: yes
configure:12634: checking if libtool supports shared libraries
configure:12636: result: yes
configure:12639: checking whether to build shared libraries
configure:12664: result: no
configure:12667: checking whether to build static libraries
configure:12671: result: yes
configure:9489: checking for an ANSI C-conforming const
configure:9555: gcc -c -g -O2  conftest.c >&5
configure:9555: $? = 0
configure:9562: result: yes
configure:9571: checking for unsigned long long int
configure:9619: result: yes
configure:9629: checking for long long int
configure:9679: result: yes
configure:9688: checking for library containing ioperm
configure:9719: gcc -o conftest -g -O2   conftest.c  >&5
configure:9719: $? = 0
configure:9736: result: none required
configure:9744: checking for library containing dlopen
configure:9775: gcc -o conftest -g -O2   conftest.c  >&5
/usr/bin/ld: /tmp/ccOVmcug.o: in function `main':
/home/martin/ti-openocd/openocd/conftest.c:36: undefined reference to `dlopen'
collect2: error: ld returned 1 exit status
configure:9775: $? = 1
configure: failed program was:
| /* confdefs.h */
| #define PACKAGE_NAME "openocd"
| #define PACKAGE_TARNAME "openocd"
| #define PACKAGE_VERSION "0.10.0"
| #define PACKAGE_STRING "openocd 0.10.0"
| #define PACKAGE_BUGREPORT "OpenOCD Mailing List <openocd-devel@lists.sourceforge.net>"
| #define PACKAGE_URL ""
| #define PACKAGE "openocd"
| #define VERSION "0.10.0"
| #define STDC_HEADERS 1
| #define HAVE_SYS_TYPES_H 1
| #define HAVE_SYS_STAT_H 1
| #define HAVE_STDLIB_H 1
| #define HAVE_STRING_H 1
| #define HAVE_MEMORY_H 1
| #define HAVE_STRINGS_H 1
| #define HAVE_INTTYPES_H 1
| #define HAVE_STDINT_H 1
| #define HAVE_UNISTD_H 1
| #define HAVE_DLFCN_H 1
| #define LT_OBJDIR ".libs/"
| #define HAVE_UNSIGNED_LONG_LONG_INT 1
| #define HAVE_LONG_LONG_INT 1
| /* end confdefs.h.  */
| 
| /* Override any GCC internal prototype to avoid an error.
|    Use char because int might match the return type of a GCC
|    builtin and then its argument prototype would still apply.  */
| #ifdef __cplusplus
| extern "C"
| #endif
| char dlopen ();
| int
| main ()
| {
| return dlopen ();
|   ;
|   return 0;
| }
configure:9775: gcc -o conftest -g -O2   conftest.c -ldl   >&5
configure:9775: $? = 0
configure:9792: result: -ldl
configure:9803: checking sys/socket.h usability
configure:9803: gcc -c -g -O2  conftest.c >&5
configure:9803: $? = 0
configure:9803: result: yes
configure:9803: checking sys/socket.h presence
configure:9803: gcc -E  conftest.c
configure:9803: $? = 0
configure:9803: result: yes
configure:9803: checking for sys/socket.h
configure:9803: result: yes
configure:9815: checking elf.h usability
configure:9815: gcc -c -g -O2  conftest.c >&5
configure:9815: $? = 0
configure:9815: result: yes
configure:9815: checking elf.h presence
configure:9815: gcc -E  conftest.c
configure:9815: $? = 0
configure:9815: result: yes
configure:9815: checking for elf.h
configure:9815: result: yes
configure:9827: checking dirent.h usability
configure:9827: gcc -c -g -O2  conftest.c >&5
configure:9827: $? = 0
configure:9827: result: yes
configure:9827: checking dirent.h presence
configure:9827: gcc -E  conftest.c
configure:9827: $? = 0
configure:9827: result: yes
configure:9827: checking for dirent.h
configure:9827: result: yes
configure:9839: checking fcntl.h usability
configure:9839: gcc -c -g -O2  conftest.c >&5
configure:9839: $? = 0
configure:9839: result: yes
configure:9839: checking fcntl.h presence
configure:9839: gcc -E  conftest.c
configure:9839: $? = 0
configure:9839: result: yes
configure:9839: checking for fcntl.h
configure:9839: result: yes
configure:9851: checking malloc.h usability
configure:9851: gcc -c -g -O2  conftest.c >&5
configure:9851: $? = 0
configure:9851: result: yes
configure:9851: checking malloc.h presence
configure:9851: gcc -E  conftest.c
configure:9851: $? = 0
configure:9851: result: yes
configure:9851: checking for malloc.h
configure:9851: result: yes
configure:9863: checking netdb.h usability
configure:9863: gcc -c -g -O2  conftest.c >&5
configure:9863: $? = 0
configure:9863: result: yes
configure:9863: checking netdb.h presence
configure:9863: gcc -E  conftest.c
configure:9863: $? = 0
configure:9863: result: yes
configure:9863: checking for netdb.h
configure:9863: result: yes
configure:9875: checking poll.h usability
configure:9875: gcc -c -g -O2  conftest.c >&5
configure:9875: $? = 0
configure:9875: result: yes
configure:9875: checking poll.h presence
configure:9875: gcc -E  conftest.c
configure:9875: $? = 0
configure:9875: result: yes
configure:9875: checking for poll.h
configure:9875: result: yes
configure:9887: checking pthread.h usability
configure:9887: gcc -c -g -O2  conftest.c >&5
configure:9887: $? = 0
configure:9887: result: yes
configure:9887: checking pthread.h presence
configure:9887: gcc -E  conftest.c
configure:9887: $? = 0
configure:9887: result: yes
configure:9887: checking for pthread.h
configure:9887: result: yes
configure:9899: checking for strings.h
configure:9899: result: yes
configure:9911: checking sys/ioctl.h usability
configure:9911: gcc -c -g -O2  conftest.c >&5
configure:9911: $? = 0
configure:9911: result: yes
configure:9911: checking sys/ioctl.h presence
configure:9911: gcc -E  conftest.c
configure:9911: $? = 0
configure:9911: result: yes
configure:9911: checking for sys/ioctl.h
configure:9911: result: yes
configure:9923: checking sys/param.h usability
configure:9923: gcc -c -g -O2  conftest.c >&5
configure:9923: $? = 0
configure:9923: result: yes
configure:9923: checking sys/param.h presence
configure:9923: gcc -E  conftest.c
configure:9923: $? = 0
configure:9923: result: yes
configure:9923: checking for sys/param.h
configure:9923: result: yes
configure:9935: checking sys/select.h usability
configure:9935: gcc -c -g -O2  conftest.c >&5
configure:9935: $? = 0
configure:9935: result: yes
configure:9935: checking sys/select.h presence
configure:9935: gcc -E  conftest.c
configure:9935: $? = 0
configure:9935: result: yes
configure:9935: checking for sys/select.h
configure:9935: result: yes
configure:9947: checking for sys/stat.h
configure:9947: result: yes
configure:9959: checking sys/sysctl.h usability
configure:9959: gcc -c -g -O2  conftest.c >&5
configure:9959: $? = 0
configure:9959: result: yes
configure:9959: checking sys/sysctl.h presence
configure:9959: gcc -E  conftest.c
configure:9959: $? = 0
configure:9959: result: yes
configure:9959: checking for sys/sysctl.h
configure:9959: result: yes
configure:9971: checking sys/time.h usability
configure:9971: gcc -c -g -O2  conftest.c >&5
configure:9971: $? = 0
configure:9971: result: yes
configure:9971: checking sys/time.h presence
configure:9971: gcc -E  conftest.c
configure:9971: $? = 0
configure:9971: result: yes
configure:9971: checking for sys/time.h
configure:9971: result: yes
configure:9983: checking for sys/types.h
configure:9983: result: yes
configure:9995: checking for unistd.h
configure:9995: result: yes
configure:10008: checking for arpa/inet.h
configure:10008: gcc -c -g -O2  conftest.c >&5
configure:10008: $? = 0
configure:10008: result: yes
configure:10008: checking for ifaddrs.h
configure:10008: gcc -c -g -O2  conftest.c >&5
configure:10008: $? = 0
configure:10008: result: yes
configure:10008: checking for netinet/in.h
configure:10008: gcc -c -g -O2  conftest.c >&5
configure:10008: $? = 0
configure:10008: result: yes
configure:10008: checking for netinet/tcp.h
configure:10008: gcc -c -g -O2  conftest.c >&5
configure:10008: $? = 0
configure:10008: result: yes
configure:10008: checking for net/if.h
configure:10008: gcc -c -g -O2  conftest.c >&5
configure:10008: $? = 0
configure:10008: result: yes
configure:10033: checking whether to enable assertions
configure:10051: result: yes
configure:10054: checking for stdbool.h that conforms to C99
configure:10121: gcc -c -g -O2  conftest.c >&5
configure:10121: $? = 0
configure:10128: result: yes
configure:10130: checking for _Bool
configure:10130: gcc -c -g -O2  conftest.c >&5
configure:10130: $? = 0
configure:10130: gcc -c -g -O2  conftest.c >&5
conftest.c: In function 'main':
conftest.c:83:20: error: expected expression before ')' token
 if (sizeof ((_Bool)))
                    ^
configure:10130: $? = 1
configure: failed program was:
| /* confdefs.h */
| #define PACKAGE_NAME "openocd"
| #define PACKAGE_TARNAME "openocd"
| #define PACKAGE_VERSION "0.10.0"
| #define PACKAGE_STRING "openocd 0.10.0"
| #define PACKAGE_BUGREPORT "OpenOCD Mailing List <openocd-devel@lists.sourceforge.net>"
| #define PACKAGE_URL ""
| #define PACKAGE "openocd"
| #define VERSION "0.10.0"
| #define STDC_HEADERS 1
| #define HAVE_SYS_TYPES_H 1
| #define HAVE_SYS_STAT_H 1
| #define HAVE_STDLIB_H 1
| #define HAVE_STRING_H 1
| #define HAVE_MEMORY_H 1
| #define HAVE_STRINGS_H 1
| #define HAVE_INTTYPES_H 1
| #define HAVE_STDINT_H 1
| #define HAVE_UNISTD_H 1
| #define HAVE_DLFCN_H 1
| #define LT_OBJDIR ".libs/"
| #define HAVE_UNSIGNED_LONG_LONG_INT 1
| #define HAVE_LONG_LONG_INT 1
| #define HAVE_SYS_SOCKET_H 1
| #define HAVE_ELF_H 1
| #define HAVE_DIRENT_H 1
| #define HAVE_FCNTL_H 1
| #define HAVE_MALLOC_H 1
| #define HAVE_NETDB_H 1
| #define HAVE_POLL_H 1
| #define HAVE_PTHREAD_H 1
| #define HAVE_STRINGS_H 1
| #define HAVE_SYS_IOCTL_H 1
| #define HAVE_SYS_PARAM_H 1
| #define HAVE_SYS_SELECT_H 1
| #define HAVE_SYS_STAT_H 1
| #define HAVE_SYS_SYSCTL_H 1
| #define HAVE_SYS_TIME_H 1
| #define HAVE_SYS_TYPES_H 1
| #define HAVE_UNISTD_H 1
| #define HAVE_ARPA_INET_H 1
| #define HAVE_IFADDRS_H 1
| #define HAVE_NETINET_IN_H 1
| #define HAVE_NETINET_TCP_H 1
| #define HAVE_NET_IF_H 1
| /* end confdefs.h.  */
| #include <stdio.h>
| #ifdef HAVE_SYS_TYPES_H
| # include <sys/types.h>
| #endif
| #ifdef HAVE_SYS_STAT_H
| # include <sys/stat.h>
| #endif
| #ifdef STDC_HEADERS
| # include <stdlib.h>
| # include <stddef.h>
| #else
| # ifdef HAVE_STDLIB_H
| #  include <stdlib.h>
| # endif
| #endif
| #ifdef HAVE_STRING_H
| # if !defined STDC_HEADERS && defined HAVE_MEMORY_H
| #  include <memory.h>
| # endif
| # include <string.h>
| #endif
| #ifdef HAVE_STRINGS_H
| # include <strings.h>
| #endif
| #ifdef HAVE_INTTYPES_H
| # include <inttypes.h>
| #endif
| #ifdef HAVE_STDINT_H
| # include <stdint.h>
| #endif
| #ifdef HAVE_UNISTD_H
| # include <unistd.h>
| #endif
| int
| main ()
| {
| if (sizeof ((_Bool)))
| 	    return 0;
|   ;
|   return 0;
| }
configure:10130: result: yes
configure:10147: checking whether time.h and sys/time.h may both be included
configure:10167: gcc -c -g -O2  conftest.c >&5
configure:10167: $? = 0
configure:10174: result: yes
configure:10183: checking whether byte ordering is bigendian
configure:10198: gcc -c -g -O2  conftest.c >&5
conftest.c:51:9: error: unknown type name 'not'
         not a universal capable compiler
         ^~~
conftest.c:51:15: error: expected '=', ',', ';', 'asm' or '__attribute__' before 'universal'
         not a universal capable compiler
               ^~~~~~~~~
conftest.c:51:15: error: unknown type name 'universal'
configure:10198: $? = 1
configure: failed program was:
| /* confdefs.h */
| #define PACKAGE_NAME "openocd"
| #define PACKAGE_TARNAME "openocd"
| #define PACKAGE_VERSION "0.10.0"
| #define PACKAGE_STRING "openocd 0.10.0"
| #define PACKAGE_BUGREPORT "OpenOCD Mailing List <openocd-devel@lists.sourceforge.net>"
| #define PACKAGE_URL ""
| #define PACKAGE "openocd"
| #define VERSION "0.10.0"
| #define STDC_HEADERS 1
| #define HAVE_SYS_TYPES_H 1
| #define HAVE_SYS_STAT_H 1
| #define HAVE_STDLIB_H 1
| #define HAVE_STRING_H 1
| #define HAVE_MEMORY_H 1
| #define HAVE_STRINGS_H 1
| #define HAVE_INTTYPES_H 1
| #define HAVE_STDINT_H 1
| #define HAVE_UNISTD_H 1
| #define HAVE_DLFCN_H 1
| #define LT_OBJDIR ".libs/"
| #define HAVE_UNSIGNED_LONG_LONG_INT 1
| #define HAVE_LONG_LONG_INT 1
| #define HAVE_SYS_SOCKET_H 1
| #define HAVE_ELF_H 1
| #define HAVE_DIRENT_H 1
| #define HAVE_FCNTL_H 1
| #define HAVE_MALLOC_H 1
| #define HAVE_NETDB_H 1
| #define HAVE_POLL_H 1
| #define HAVE_PTHREAD_H 1
| #define HAVE_STRINGS_H 1
| #define HAVE_SYS_IOCTL_H 1
| #define HAVE_SYS_PARAM_H 1
| #define HAVE_SYS_SELECT_H 1
| #define HAVE_SYS_STAT_H 1
| #define HAVE_SYS_SYSCTL_H 1
| #define HAVE_SYS_TIME_H 1
| #define HAVE_SYS_TYPES_H 1
| #define HAVE_UNISTD_H 1
| #define HAVE_ARPA_INET_H 1
| #define HAVE_IFADDRS_H 1
| #define HAVE_NETINET_IN_H 1
| #define HAVE_NETINET_TCP_H 1
| #define HAVE_NET_IF_H 1
| #define HAVE__BOOL 1
| #define HAVE_STDBOOL_H 1
| #define TIME_WITH_SYS_TIME 1
| /* end confdefs.h.  */
| #ifndef __APPLE_CC__
| 	       not a universal capable compiler
| 	     #endif
| 	     typedef int dummy;
| 
configure:10243: gcc -c -g -O2  conftest.c >&5
configure:10243: $? = 0
configure:10261: gcc -c -g -O2  conftest.c >&5
conftest.c: In function 'main':
conftest.c:57:4: error: unknown type name 'not'; did you mean 'ino_t'?
    not big endian
    ^~~
    ino_t
conftest.c:57:12: error: expected '=', ',', ';', 'asm' or '__attribute__' before 'endian'
    not big endian
            ^~~~~~
configure:10261: $? = 1
configure: failed program was:
| /* confdefs.h */
| #define PACKAGE_NAME "openocd"
| #define PACKAGE_TARNAME "openocd"
| #define PACKAGE_VERSION "0.10.0"
| #define PACKAGE_STRING "openocd 0.10.0"
| #define PACKAGE_BUGREPORT "OpenOCD Mailing List <openocd-devel@lists.sourceforge.net>"
| #define PACKAGE_URL ""
| #define PACKAGE "openocd"
| #define VERSION "0.10.0"
| #define STDC_HEADERS 1
| #define HAVE_SYS_TYPES_H 1
| #define HAVE_SYS_STAT_H 1
| #define HAVE_STDLIB_H 1
| #define HAVE_STRING_H 1
| #define HAVE_MEMORY_H 1
| #define HAVE_STRINGS_H 1
| #define HAVE_INTTYPES_H 1
| #define HAVE_STDINT_H 1
| #define HAVE_UNISTD_H 1
| #define HAVE_DLFCN_H 1
| #define LT_OBJDIR ".libs/"
| #define HAVE_UNSIGNED_LONG_LONG_INT 1
| #define HAVE_LONG_LONG_INT 1
| #define HAVE_SYS_SOCKET_H 1
| #define HAVE_ELF_H 1
| #define HAVE_DIRENT_H 1
| #define HAVE_FCNTL_H 1
| #define HAVE_MALLOC_H 1
| #define HAVE_NETDB_H 1
| #define HAVE_POLL_H 1
| #define HAVE_PTHREAD_H 1
| #define HAVE_STRINGS_H 1
| #define HAVE_SYS_IOCTL_H 1
| #define HAVE_SYS_PARAM_H 1
| #define HAVE_SYS_SELECT_H 1
| #define HAVE_SYS_STAT_H 1
| #define HAVE_SYS_SYSCTL_H 1
| #define HAVE_SYS_TIME_H 1
| #define HAVE_SYS_TYPES_H 1
| #define HAVE_UNISTD_H 1
| #define HAVE_ARPA_INET_H 1
| #define HAVE_IFADDRS_H 1
| #define HAVE_NETINET_IN_H 1
| #define HAVE_NETINET_TCP_H 1
| #define HAVE_NET_IF_H 1
| #define HAVE__BOOL 1
| #define HAVE_STDBOOL_H 1
| #define TIME_WITH_SYS_TIME 1
| /* end confdefs.h.  */
| #include <sys/types.h>
| 		#include <sys/param.h>
| 
| int
| main ()
| {
| #if BYTE_ORDER != BIG_ENDIAN
| 		 not big endian
| 		#endif
| 
|   ;
|   return 0;
| }
configure:10389: result: no
configure:10410: checking for strndup
configure:10410: gcc -o conftest -g -O2   conftest.c -ldl  >&5
conftest.c:73:6: warning: conflicting types for built-in function 'strndup' [-Wbuiltin-declaration-mismatch]
 char strndup ();
      ^~~~~~~
configure:10410: $? = 0
configure:10410: result: yes
configure:10421: checking for strnlen
configure:10421: gcc -o conftest -g -O2   conftest.c -ldl  >&5
configure:10421: $? = 0
configure:10421: result: yes
configure:10432: checking for gettimeofday
configure:10432: gcc -o conftest -g -O2   conftest.c -ldl  >&5
configure:10432: $? = 0
configure:10432: result: yes
configure:10443: checking for usleep
configure:10443: gcc -o conftest -g -O2   conftest.c -ldl  >&5
configure:10443: $? = 0
configure:10443: result: yes
configure:10454: checking for vasprintf
configure:10454: gcc -o conftest -g -O2   conftest.c -ldl  >&5
configure:10454: $? = 0
configure:10454: result: yes
configure:10465: checking for realpath
configure:10465: gcc -o conftest -g -O2   conftest.c -ldl  >&5
configure:10465: $? = 0
configure:10465: result: yes
configure:10476: checking whether to build a release
configure:10487: result: yes
configure:10521: checking whether to build Doxygen as HTML
configure:10523: result: yes
configure:10534: checking whether to build Doxygen as PDF
configure:10536: result: no
configure:10596: checking whether to enable verbose JTAG I/O messages
configure:10598: result: no
configure:10608: checking whether to enable verbose USB I/O messages
configure:10610: result: no
configure:10620: checking whether to enable verbose USB communication messages
configure:10622: result: no
configure:10639: checking whether to enable malloc free space logging
configure:10641: result: no
configure:10960: checking whether to enable ZY1000 minidriver
configure:10975: result: no
configure:10986: checking whether to enable dummy minidriver
configure:11004: result: no
configure:11007: checking whether standard drivers can be built
configure:11019: result: yes
configure:11456: checking for LIBUSB1
configure:11463: $PKG_CONFIG --exists --print-errors "libusb-1.0"
configure:11466: $? = 0
configure:11480: $PKG_CONFIG --exists --print-errors "libusb-1.0"
configure:11483: $? = 0
configure:11529: result: yes
configure:11537: $PKG_CONFIG --exists --print-errors "libusb-1.0 >= 1.0.9"
configure:11540: $? = 0
configure:11550: libusb-1.0 header bug workaround: LIBUSB1_CFLAGS changed to "-isystem /usr/include/libusb-1.0"
configure:11553: $PKG_CONFIG --exists --print-errors "libusb-1.0 >= 1.0.16"
configure:11556: $? = 0
configure:11567: checking for LIBUSB0
configure:11574: $PKG_CONFIG --exists --print-errors "libusb"
configure:11577: $? = 0
configure:11591: $PKG_CONFIG --exists --print-errors "libusb"
configure:11594: $? = 0
configure:11632: result: yes
configure:11640: checking for HIDAPI
configure:11647: $PKG_CONFIG --exists --print-errors "$hidapi_lib"
Package hidapi was not found in the pkg-config search path.
Perhaps you should add the directory containing `hidapi.pc'
to the PKG_CONFIG_PATH environment variable
Package 'hidapi', required by 'virtual:world', not found
configure:11650: $? = 1
configure:11664: $PKG_CONFIG --exists --print-errors "$hidapi_lib"
Package hidapi was not found in the pkg-config search path.
Perhaps you should add the directory containing `hidapi.pc'
to the PKG_CONFIG_PATH environment variable
Package 'hidapi', required by 'virtual:world', not found
configure:11667: $? = 1
configure:11681: result: no
Package 'hidapi', required by 'virtual:world', not found
configure:11640: checking for HIDAPI
configure:11647: $PKG_CONFIG --exists --print-errors "$hidapi_lib"
Package hidapi-hidraw was not found in the pkg-config search path.
Perhaps you should add the directory containing `hidapi-hidraw.pc'
to the PKG_CONFIG_PATH environment variable
Package 'hidapi-hidraw', required by 'virtual:world', not found
configure:11650: $? = 1
configure:11664: $PKG_CONFIG --exists --print-errors "$hidapi_lib"
Package hidapi-hidraw was not found in the pkg-config search path.
Perhaps you should add the directory containing `hidapi-hidraw.pc'
to the PKG_CONFIG_PATH environment variable
Package 'hidapi-hidraw', required by 'virtual:world', not found
configure:11667: $? = 1
configure:11681: result: no
Package 'hidapi-hidraw', required by 'virtual:world', not found
configure:11640: checking for HIDAPI
configure:11647: $PKG_CONFIG --exists --print-errors "$hidapi_lib"
Package hidapi-libusb was not found in the pkg-config search path.
Perhaps you should add the directory containing `hidapi-libusb.pc'
to the PKG_CONFIG_PATH environment variable
Package 'hidapi-libusb', required by 'virtual:world', not found
configure:11650: $? = 1
configure:11664: $PKG_CONFIG --exists --print-errors "$hidapi_lib"
Package hidapi-libusb was not found in the pkg-config search path.
Perhaps you should add the directory containing `hidapi-libusb.pc'
to the PKG_CONFIG_PATH environment variable
Package 'hidapi-libusb', required by 'virtual:world', not found
configure:11667: $? = 1
configure:11681: result: no
Package 'hidapi-libusb', required by 'virtual:world', not found
configure:11720: checking for LIBFTDI
configure:11727: $PKG_CONFIG --exists --print-errors "libftdi1"
Package libftdi1 was not found in the pkg-config search path.
Perhaps you should add the directory containing `libftdi1.pc'
to the PKG_CONFIG_PATH environment variable
Package 'libftdi1', required by 'virtual:world', not found
configure:11730: $? = 1
configure:11744: $PKG_CONFIG --exists --print-errors "libftdi1"
Package libftdi1 was not found in the pkg-config search path.
Perhaps you should add the directory containing `libftdi1.pc'
to the PKG_CONFIG_PATH environment variable
Package 'libftdi1', required by 'virtual:world', not found
configure:11747: $? = 1
configure:11761: result: no
Package 'libftdi1', required by 'virtual:world', not found
configure:11780: checking for LIBFTDI
configure:11787: $PKG_CONFIG --exists --print-errors "libftdi"
Package libftdi was not found in the pkg-config search path.
Perhaps you should add the directory containing `libftdi.pc'
to the PKG_CONFIG_PATH environment variable
Package 'libftdi', required by 'virtual:world', not found
configure:11790: $? = 1
configure:11804: $PKG_CONFIG --exists --print-errors "libftdi"
Package libftdi was not found in the pkg-config search path.
Perhaps you should add the directory containing `libftdi.pc'
to the PKG_CONFIG_PATH environment variable
Package 'libftdi', required by 'virtual:world', not found
configure:11807: $? = 1
configure:11821: result: no
Package 'libftdi', required by 'virtual:world', not found
configure:11936: checking for LIBJAYLINK
configure:11943: $PKG_CONFIG --exists --print-errors "libjaylink >= 0.1"
Package libjaylink was not found in the pkg-config search path.
Perhaps you should add the directory containing `libjaylink.pc'
to the PKG_CONFIG_PATH environment variable
Package 'libjaylink', required by 'virtual:world', not found
configure:11946: $? = 1
configure:11960: $PKG_CONFIG --exists --print-errors "libjaylink >= 0.1"
Package libjaylink was not found in the pkg-config search path.
Perhaps you should add the directory containing `libjaylink.pc'
to the PKG_CONFIG_PATH environment variable
Package 'libjaylink', required by 'virtual:world', not found
configure:11963: $? = 1
configure:11977: result: no
Package 'libjaylink', required by 'virtual:world', not found
configure:12989: checking for environ in unistd.h and stdlib.h
configure:13007: gcc -c -g -O2  conftest.c >&5
configure:13007: $? = 0
configure:13009: result: yes
configure:13195: checking that generated files are newer than configure
configure:13201: result: done
configure:13433: creating ./config.status

## ---------------- ##
## Cache variables. ##
## ---------------- ##

ac_cv_build=x86_64-pc-linux-gnu
ac_cv_c_bigendian=no
ac_cv_c_compiler_gnu=yes
ac_cv_c_const=yes
ac_cv_env_CC_set=
ac_cv_env_CC_value=
ac_cv_env_CFLAGS_set=
ac_cv_env_CFLAGS_value=
ac_cv_env_CPPFLAGS_set=
ac_cv_env_CPPFLAGS_value=
ac_cv_env_CPP_set=
ac_cv_env_CPP_value=
ac_cv_env_HIDAPI_CFLAGS_set=
ac_cv_env_HIDAPI_CFLAGS_value=
ac_cv_env_HIDAPI_LIBS_set=
ac_cv_env_HIDAPI_LIBS_value=
ac_cv_env_LDFLAGS_set=
ac_cv_env_LDFLAGS_value=
ac_cv_env_LIBFTDI_CFLAGS_set=
ac_cv_env_LIBFTDI_CFLAGS_value=
ac_cv_env_LIBFTDI_LIBS_set=
ac_cv_env_LIBFTDI_LIBS_value=
ac_cv_env_LIBJAYLINK_CFLAGS_set=
ac_cv_env_LIBJAYLINK_CFLAGS_value=
ac_cv_env_LIBJAYLINK_LIBS_set=
ac_cv_env_LIBJAYLINK_LIBS_value=
ac_cv_env_LIBS_set=
ac_cv_env_LIBS_value=
ac_cv_env_LIBUSB0_CFLAGS_set=
ac_cv_env_LIBUSB0_CFLAGS_value=
ac_cv_env_LIBUSB0_LIBS_set=
ac_cv_env_LIBUSB0_LIBS_value=
ac_cv_env_LIBUSB1_CFLAGS_set=
ac_cv_env_LIBUSB1_CFLAGS_value=
ac_cv_env_LIBUSB1_LIBS_set=
ac_cv_env_LIBUSB1_LIBS_value=
ac_cv_env_LT_SYS_LIBRARY_PATH_set=
ac_cv_env_LT_SYS_LIBRARY_PATH_value=
ac_cv_env_PKG_CONFIG_LIBDIR_set=
ac_cv_env_PKG_CONFIG_LIBDIR_value=
ac_cv_env_PKG_CONFIG_PATH_set=
ac_cv_env_PKG_CONFIG_PATH_value=
ac_cv_env_PKG_CONFIG_set=
ac_cv_env_PKG_CONFIG_value=
ac_cv_env_build_alias_set=
ac_cv_env_build_alias_value=
ac_cv_env_host_alias_set=
ac_cv_env_host_alias_value=
ac_cv_env_target_alias_set=
ac_cv_env_target_alias_value=
ac_cv_func_gettimeofday=yes
ac_cv_func_realpath=yes
ac_cv_func_strndup=yes
ac_cv_func_strnlen=yes
ac_cv_func_usleep=yes
ac_cv_func_vasprintf=yes
ac_cv_header_arpa_inet_h=yes
ac_cv_header_dirent_h=yes
ac_cv_header_dlfcn_h=yes
ac_cv_header_elf_h=yes
ac_cv_header_fcntl_h=yes
ac_cv_header_ifaddrs_h=yes
ac_cv_header_inttypes_h=yes
ac_cv_header_malloc_h=yes
ac_cv_header_memory_h=yes
ac_cv_header_net_if_h=yes
ac_cv_header_netdb_h=yes
ac_cv_header_netinet_in_h=yes
ac_cv_header_netinet_tcp_h=yes
ac_cv_header_poll_h=yes
ac_cv_header_pthread_h=yes
ac_cv_header_stdbool_h=yes
ac_cv_header_stdc=yes
ac_cv_header_stdint_h=yes
ac_cv_header_stdlib_h=yes
ac_cv_header_string_h=yes
ac_cv_header_strings_h=yes
ac_cv_header_sys_ioctl_h=yes
ac_cv_header_sys_param_h=yes
ac_cv_header_sys_select_h=yes
ac_cv_header_sys_socket_h=yes
ac_cv_header_sys_stat_h=yes
ac_cv_header_sys_sysctl_h=yes
ac_cv_header_sys_time_h=yes
ac_cv_header_sys_types_h=yes
ac_cv_header_time=yes
ac_cv_header_unistd_h=yes
ac_cv_host=x86_64-pc-linux-gnu
ac_cv_objext=o
ac_cv_path_EGREP='/usr/bin/grep -E'
ac_cv_path_FGREP='/usr/bin/grep -F'
ac_cv_path_GREP=/usr/bin/grep
ac_cv_path_SED=/usr/bin/sed
ac_cv_path_ac_pt_PKG_CONFIG=/usr/bin/pkg-config
ac_cv_path_install='/usr/bin/install -c'
ac_cv_path_lt_DD=/usr/bin/dd
ac_cv_path_mkdir=/usr/bin/mkdir
ac_cv_prog_AWK=gawk
ac_cv_prog_CPP='gcc -E'
ac_cv_prog_MAKEINFO=makeinfo
ac_cv_prog_ac_ct_AR=ar
ac_cv_prog_ac_ct_CC=gcc
ac_cv_prog_ac_ct_OBJDUMP=objdump
ac_cv_prog_ac_ct_RANLIB=ranlib
ac_cv_prog_ac_ct_STRIP=strip
ac_cv_prog_cc_c89=
ac_cv_prog_cc_c99=
ac_cv_prog_cc_g=yes
ac_cv_prog_make_make_set=yes
ac_cv_search_dlopen=-ldl
ac_cv_search_ioperm='none required'
ac_cv_type__Bool=yes
ac_cv_type_long_long_int=yes
ac_cv_type_unsigned_long_long_int=yes
am_cv_CC_dependencies_compiler_type=gcc3
am_cv_make_support_nested_variables=yes
am_cv_prog_cc_c_o=yes
lt_cv_ar_at_file=@
lt_cv_deplibs_check_method=pass_all
lt_cv_file_magic_cmd='$MAGIC_CMD'
lt_cv_file_magic_test_file=
lt_cv_ld_reload_flag=-r
lt_cv_nm_interface='BSD nm'
lt_cv_objdir=.libs
lt_cv_path_LD=/usr/bin/ld
lt_cv_path_NM='/usr/bin/nm -B'
lt_cv_path_mainfest_tool=no
lt_cv_prog_compiler_c_o=yes
lt_cv_prog_compiler_pic='-fPIC -DPIC'
lt_cv_prog_compiler_pic_works=yes
lt_cv_prog_compiler_rtti_exceptions=no
lt_cv_prog_compiler_static_works=yes
lt_cv_prog_gnu_ld=yes
lt_cv_sharedlib_from_linklib_cmd='printf %s\n'
lt_cv_shlibpath_overrides_runpath=no
lt_cv_sys_global_symbol_pipe='sed -n -e '\''s/^.*[	 ]\([ABCDGIRSTW][ABCDGIRSTW]*\)[	 ][	 ]*\([_A-Za-z][_A-Za-z0-9]*\)$/\1 \2 \2/p'\'' | sed '\''/ __gnu_lto/d'\'''
lt_cv_sys_global_symbol_to_c_name_address='sed -n -e '\''s/^: \(.*\) .*$/  {"\1", (void *) 0},/p'\'' -e '\''s/^[ABCDGIRSTW][ABCDGIRSTW]* .* \(.*\)$/  {"\1", (void *) \&\1},/p'\'''
lt_cv_sys_global_symbol_to_c_name_address_lib_prefix='sed -n -e '\''s/^: \(.*\) .*$/  {"\1", (void *) 0},/p'\'' -e '\''s/^[ABCDGIRSTW][ABCDGIRSTW]* .* \(lib.*\)$/  {"\1", (void *) \&\1},/p'\'' -e '\''s/^[ABCDGIRSTW][ABCDGIRSTW]* .* \(.*\)$/  {"lib\1", (void *) \&\1},/p'\'''
lt_cv_sys_global_symbol_to_cdecl='sed -n -e '\''s/^T .* \(.*\)$/extern int \1();/p'\'' -e '\''s/^[ABCDGIRSTW][ABCDGIRSTW]* .* \(.*\)$/extern char \1;/p'\'''
lt_cv_sys_global_symbol_to_import=
lt_cv_sys_max_cmd_len=1572864
lt_cv_to_host_file_cmd=func_convert_file_noop
lt_cv_to_tool_file_cmd=func_convert_file_noop
lt_cv_truncate_bin='/usr/bin/dd bs=4096 count=1'
pkg_cv_LIBUSB0_CFLAGS='-I/usr/include/libusb-1.0 '
pkg_cv_LIBUSB0_LIBS='-lusb '
pkg_cv_LIBUSB1_CFLAGS='-I/usr/include/libusb-1.0 '
pkg_cv_LIBUSB1_LIBS='-lusb-1.0 '

## ----------------- ##
## Output variables. ##
## ----------------- ##

ACLOCAL='${SHELL} /home/martin/ti-openocd/openocd/missing aclocal-1.16'
AICE_FALSE='#'
AICE_TRUE=''
AMDEPBACKSLASH='\'
AMDEP_FALSE='#'
AMDEP_TRUE=''
AMTAR='$${TAR-tar}'
AMTJTAGACCEL_FALSE=''
AMTJTAGACCEL_TRUE='#'
AM_BACKSLASH='\'
AM_DEFAULT_V='$(AM_DEFAULT_VERBOSITY)'
AM_DEFAULT_VERBOSITY='1'
AM_V='$(V)'
AR='ar'
ARMJTAGEW_FALSE='#'
ARMJTAGEW_TRUE=''
AT91RM9200_FALSE=''
AT91RM9200_TRUE='#'
AUTOCONF='${SHELL} /home/martin/ti-openocd/openocd/missing autoconf'
AUTOHEADER='${SHELL} /home/martin/ti-openocd/openocd/missing autoheader'
AUTOMAKE='${SHELL} /home/martin/ti-openocd/openocd/missing automake-1.16'
AWK='gawk'
BCM2835GPIO_FALSE=''
BCM2835GPIO_TRUE='#'
BITBANG_FALSE=''
BITBANG_TRUE='#'
BITQ_FALSE=''
BITQ_TRUE='#'
BUSPIRATE_FALSE=''
BUSPIRATE_TRUE='#'
CC='gcc'
CCDEPMODE='depmode=gcc3'
CFLAGS='-g -O2'
CMSIS_DAP_FALSE=''
CMSIS_DAP_TRUE='#'
CPP='gcc -E'
CPPFLAGS=''
CYGPATH_W='echo'
DEFS='-DHAVE_CONFIG_H'
DEPDIR='.deps'
DLLTOOL='false'
DSYMUTIL=''
DUMMY_FALSE=''
DUMMY_TRUE='#'
DUMPBIN=''
ECHO_C=''
ECHO_N='-n'
ECHO_T=''
EGREP='/usr/bin/grep -E'
EP93XX_FALSE=''
EP93XX_TRUE='#'
EXEEXT=''
FGREP='/usr/bin/grep -F'
FTDI_FALSE='#'
FTDI_TRUE=''
GCC_WARNINGS='-Wall -Wstrict-prototypes -Wformat-security -Wshadow -Wextra -Wno-unused-parameter -Wbad-function-cast -Wcast-align -Wredundant-decls -Werror'
GIVEIO_FALSE=''
GIVEIO_TRUE='#'
GREP='/usr/bin/grep'
GW16012_FALSE=''
GW16012_TRUE='#'
HIDAPI_CFLAGS=''
HIDAPI_LIBS=''
HLADAPTER_FALSE='#'
HLADAPTER_ICDI_FALSE='#'
HLADAPTER_ICDI_TRUE=''
HLADAPTER_STLINK_FALSE='#'
HLADAPTER_STLINK_TRUE=''
HLADAPTER_TRUE=''
HOST_CPPFLAGS=''
INSTALL_DATA='${INSTALL} -m 644'
INSTALL_PROGRAM='${INSTALL}'
INSTALL_SCRIPT='${INSTALL}'
INSTALL_STRIP_PROGRAM='$(install_sh) -c -s'
INTERNAL_JIMTCL_FALSE='#'
INTERNAL_JIMTCL_TRUE=''
INTERNAL_LIBJAYLINK_FALSE='#'
INTERNAL_LIBJAYLINK_TRUE=''
IOUTIL_FALSE=''
IOUTIL_TRUE='#'
IS_CYGWIN_FALSE=''
IS_CYGWIN_TRUE='#'
IS_DARWIN_FALSE=''
IS_DARWIN_TRUE='#'
IS_MINGW_FALSE=''
IS_MINGW_TRUE='#'
IS_WIN32_FALSE=''
IS_WIN32_TRUE='#'
JLINK_FALSE='#'
JLINK_TRUE=''
JTAG_VPI_FALSE=''
JTAG_VPI_TRUE='#'
LD='/usr/bin/ld -m elf_x86_64'
LDFLAGS=''
LIBFTDI_CFLAGS=''
LIBFTDI_LIBS=''
LIBJAYLINK_CFLAGS=''
LIBJAYLINK_LIBS=''
LIBOBJS=''
LIBS='-ldl '
LIBTOOL='$(SHELL) $(top_builddir)/libtool'
LIBTOOL_DEPS='./ltmain.sh'
LIBUSB0_CFLAGS='-I/usr/include/libusb-1.0 '
LIBUSB0_LIBS='-lusb '
LIBUSB1_CFLAGS='-isystem /usr/include/libusb-1.0'
LIBUSB1_LIBS='-lusb-1.0 '
LIPO=''
LN_S='ln -s'
LTLIBOBJS=''
LT_SYS_LIBRARY_PATH=''
MAKEINFO='makeinfo'
MANIFEST_TOOL=':'
MINIDRIVER_DUMMY_FALSE=''
MINIDRIVER_DUMMY_TRUE='#'
MINIDRIVER_FALSE=''
MINIDRIVER_TRUE='#'
MKDIR_P='/usr/bin/mkdir -p'
NM='/usr/bin/nm -B'
NMEDIT=''
OBJDUMP='objdump'
OBJEXT='o'
OOCD_TRACE_FALSE=''
OOCD_TRACE_TRUE='#'
OPENDOUS_FALSE='#'
OPENDOUS_TRUE=''
OPENJTAG_FALSE=''
OPENJTAG_TRUE='#'
OSBDM_FALSE='#'
OSBDM_TRUE=''
OTOOL64=''
OTOOL=''
PACKAGE='openocd'
PACKAGE_BUGREPORT='OpenOCD Mailing List <openocd-devel@lists.sourceforge.net>'
PACKAGE_NAME='openocd'
PACKAGE_STRING='openocd 0.10.0'
PACKAGE_TARNAME='openocd'
PACKAGE_URL=''
PACKAGE_VERSION='0.10.0'
PARPORT_FALSE=''
PARPORT_TRUE='#'
PATH_SEPARATOR=':'
PKG_CONFIG='/usr/bin/pkg-config'
PKG_CONFIG_LIBDIR=''
PKG_CONFIG_PATH=''
PRESTO_FALSE=''
PRESTO_TRUE='#'
RANLIB='ranlib'
RELEASE_FALSE='#'
RELEASE_TRUE=''
REMOTE_BITBANG_FALSE=''
REMOTE_BITBANG_TRUE='#'
RLINK_FALSE='#'
RLINK_TRUE=''
SED='/usr/bin/sed'
SET_MAKE=''
SHELL='/bin/sh'
STRIP='strip'
SYSFSGPIO_FALSE=''
SYSFSGPIO_TRUE='#'
ULINK_FALSE='#'
ULINK_TRUE=''
USBPROG_FALSE='#'
USBPROG_TRUE=''
USB_BLASTER_2_FALSE='#'
USB_BLASTER_2_TRUE=''
USB_BLASTER_DRIVER_FALSE='#'
USB_BLASTER_DRIVER_TRUE=''
USB_BLASTER_FALSE=''
USB_BLASTER_TRUE='#'
USE_HIDAPI_FALSE=''
USE_HIDAPI_TRUE='#'
USE_LIBFTDI_FALSE=''
USE_LIBFTDI_TRUE='#'
USE_LIBJAYLINK_FALSE=''
USE_LIBJAYLINK_TRUE='#'
USE_LIBUSB0_FALSE='#'
USE_LIBUSB0_TRUE=''
USE_LIBUSB1_FALSE='#'
USE_LIBUSB1_TRUE=''
VERSION='0.10.0'
VSLLINK_FALSE='#'
VSLLINK_TRUE=''
XDS110_FALSE='#'
XDS110_TRUE=''
ZY1000_FALSE=''
ZY1000_MASTER_FALSE=''
ZY1000_MASTER_TRUE='#'
ZY1000_TRUE='#'
ac_ct_AR='ar'
ac_ct_CC='gcc'
ac_ct_DUMPBIN=''
am__EXEEXT_FALSE=''
am__EXEEXT_TRUE='#'
am__fastdepCC_FALSE='#'
am__fastdepCC_TRUE=''
am__include='include'
am__isrc=''
am__leading_dot='.'
am__nodep='_no'
am__quote=''
am__tar='$${TAR-tar} chof - "$$tardir"'
am__untar='$${TAR-tar} xf -'
bindir='${exec_prefix}/bin'
build='x86_64-pc-linux-gnu'
build_alias=''
build_cpu='x86_64'
build_os='linux-gnu'
build_vendor='pc'
datadir='${datarootdir}'
datarootdir='${prefix}/share'
docdir='${datarootdir}/doc/${PACKAGE_TARNAME}'
doxygen_as_html='yes'
doxygen_as_pdf='no'
dvidir='${docdir}'
exec_prefix='${prefix}'
host='x86_64-pc-linux-gnu'
host_alias=''
host_cpu='x86_64'
host_os='linux-gnu'
host_vendor='pc'
htmldir='${docdir}'
includedir='${prefix}/include'
infodir='${datarootdir}/info'
install_sh='${SHELL} /home/martin/ti-openocd/openocd/install-sh'
libdir='${exec_prefix}/lib'
libexecdir='${exec_prefix}/libexec'
localedir='${datarootdir}/locale'
localstatedir='${prefix}/var'
mandir='${datarootdir}/man'
mkdir_p='$(MKDIR_P)'
oldincludedir='/usr/include'
pdfdir='${docdir}'
prefix='/usr/local'
program_transform_name='s,x,x,'
psdir='${docdir}'
sbindir='${exec_prefix}/sbin'
sharedstatedir='${prefix}/com'
subdirs=' jimtcl src/jtag/drivers/libjaylink'
sysconfdir='${prefix}/etc'
target_alias=''

## ----------- ##
## confdefs.h. ##
## ----------- ##

/* confdefs.h */
#define PACKAGE_NAME "openocd"
#define PACKAGE_TARNAME "openocd"
#define PACKAGE_VERSION "0.10.0"
#define PACKAGE_STRING "openocd 0.10.0"
#define PACKAGE_BUGREPORT "OpenOCD Mailing List <openocd-devel@lists.sourceforge.net>"
#define PACKAGE_URL ""
#define PACKAGE "openocd"
#define VERSION "0.10.0"
#define STDC_HEADERS 1
#define HAVE_SYS_TYPES_H 1
#define HAVE_SYS_STAT_H 1
#define HAVE_STDLIB_H 1
#define HAVE_STRING_H 1
#define HAVE_MEMORY_H 1
#define HAVE_STRINGS_H 1
#define HAVE_INTTYPES_H 1
#define HAVE_STDINT_H 1
#define HAVE_UNISTD_H 1
#define HAVE_DLFCN_H 1
#define LT_OBJDIR ".libs/"
#define HAVE_UNSIGNED_LONG_LONG_INT 1
#define HAVE_LONG_LONG_INT 1
#define HAVE_SYS_SOCKET_H 1
#define HAVE_ELF_H 1
#define HAVE_DIRENT_H 1
#define HAVE_FCNTL_H 1
#define HAVE_MALLOC_H 1
#define HAVE_NETDB_H 1
#define HAVE_POLL_H 1
#define HAVE_PTHREAD_H 1
#define HAVE_STRINGS_H 1
#define HAVE_SYS_IOCTL_H 1
#define HAVE_SYS_PARAM_H 1
#define HAVE_SYS_SELECT_H 1
#define HAVE_SYS_STAT_H 1
#define HAVE_SYS_SYSCTL_H 1
#define HAVE_SYS_TIME_H 1
#define HAVE_SYS_TYPES_H 1
#define HAVE_UNISTD_H 1
#define HAVE_ARPA_INET_H 1
#define HAVE_IFADDRS_H 1
#define HAVE_NETINET_IN_H 1
#define HAVE_NETINET_TCP_H 1
#define HAVE_NET_IF_H 1
#define HAVE__BOOL 1
#define HAVE_STDBOOL_H 1
#define TIME_WITH_SYS_TIME 1
#define HAVE_STRNDUP 1
#define HAVE_STRNLEN 1
#define HAVE_GETTIMEOFDAY 1
#define HAVE_USLEEP 1
#define HAVE_VASPRINTF 1
#define HAVE_REALPATH 1
#define IS_CYGWIN 0
#define IS_MINGW 0
#define IS_WIN32 0
#define IS_DARWIN 0
#define BUILD_PARPORT 0
#define BUILD_DUMMY 0
#define BUILD_EP93XX 0
#define BUILD_ZY1000 0
#define BUILD_ZY1000_MASTER 0
#define BUILD_AT91RM9200 0
#define BUILD_BCM2835GPIO 0
#define PARPORT_USE_PPDEV 1
#define PARPORT_USE_GIVEIO 0
#define BUILD_JTAG_VPI 0
#define BUILD_AMTJTAGACCEL 0
#define BUILD_GW16012 0
#define BUILD_OOCD_TRACE 0
#define BUILD_BUSPIRATE 0
#define BUILD_REMOTE_BITBANG 0
#define BUILD_SYSFSGPIO 0
#define HAVE_LIBUSB1 1
#define HAVE_LIBUSB_ERROR_NAME 1
#define HAVE_LIBUSB_GET_PORT_NUMBERS 1
#define BUILD_FTDI 1
#define BUILD_HLADAPTER_STLINK 1
#define BUILD_HLADAPTER_ICDI 1
#define BUILD_ULINK 1
#define BUILD_USB_BLASTER_2 1
#define BUILD_VSLLINK 1
#define BUILD_XDS110 1
#define BUILD_OSBDM 1
#define BUILD_OPENDOUS 1
#define BUILD_AICE 1
#define BUILD_USBPROG 1
#define BUILD_RLINK 1
#define BUILD_ARMJTAGEW 1
#define BUILD_JLINK 1
#define BUILD_HLADAPTER 1
#define _GNU_SOURCE 1

configure: exit 0

## ---------------------- ##
## Running config.status. ##
## ---------------------- ##

This file was extended by openocd config.status 0.10.0, which was
generated by GNU Autoconf 2.69.  Invocation command line was

  CONFIG_FILES    = 
  CONFIG_HEADERS  = 
  CONFIG_LINKS    = 
  CONFIG_COMMANDS = 
  $ ./config.status 

on AntergosBig

config.status:1275: creating Makefile
config.status:1275: creating config.h
config.status:1456: config.h is unchanged
config.status:1504: executing depfiles commands
config.status:1581: cd .       && sed -e '/# am--include-marker/d' Makefile         | make -f - am--depfiles
make[1]: Entering directory '/home/martin/ti-openocd/openocd'
/tmp/GmF8G9u1:4779: warning: overriding recipe for target 'check-recursive'
/tmp/GmF8G9u1:3669: warning: ignoring old recipe for target 'check-recursive'
make[1]: Nothing to be done for 'am--depfiles'.
make[1]: Leaving directory '/home/martin/ti-openocd/openocd'
config.status:1586: $? = 0
config.status:1504: executing libtool commands
