This file contains any messages produced by compilers while
running configure, to aid debugging if configure makes a mistake.

It was created by libjaylink configure 0.1.0, which was
generated by GNU Autoconf 2.69.  Invocation command line was

  $ /home/martin/ti-openocd/openocd/src/jtag/drivers/libjaylink/configure --enable-subproject-build --disable-option-checking --prefix=/usr/local --cache-file=/dev/null --srcdir=. --no-create --no-recursion

## --------- ##
## Platform. ##
## --------- ##

hostname = AntergosBig
uname -m = x86_64
uname -r = 5.0.9-arch1-1-ARCH
uname -s = Linux
uname -v = #1 SMP PREEMPT Sat Apr 20 15:00:46 UTC 2019

/usr/bin/uname -p = unknown
/bin/uname -X     = unknown

/bin/arch              = unknown
/usr/bin/arch -k       = unknown
/usr/convex/getsysinfo = unknown
/usr/bin/hostinfo      = unknown
/bin/machine           = unknown
/usr/bin/oslevel       = unknown
/bin/universe          = unknown

PATH: /usr/local/bin
PATH: /usr/bin
PATH: /bin
PATH: /usr/local/sbin
PATH: /usr/lib/jvm/default/bin
PATH: /usr/bin/site_perl
PATH: /usr/bin/vendor_perl
PATH: /usr/bin/core_perl


## ----------- ##
## Core tests. ##
## ----------- ##

configure:2190: checking build system type
configure:2204: result: x86_64-pc-linux-gnu
configure:2224: checking host system type
configure:2237: result: x86_64-pc-linux-gnu
configure:2274: checking for a BSD-compatible install
configure:2342: result: /usr/bin/install -c
configure:2353: checking whether build environment is sane
configure:2408: result: yes
configure:2557: checking for a thread-safe mkdir -p
configure:2596: result: /usr/bin/mkdir -p
configure:2603: checking for gawk
configure:2619: found /usr/bin/gawk
configure:2630: result: gawk
configure:2641: checking whether make sets $(MAKE)
configure:2663: result: yes
configure:2692: checking whether make supports nested variables
configure:2709: result: yes
configure:2889: checking for gcc
configure:2905: found /usr/bin/gcc
configure:2916: result: gcc
configure:3145: checking for C compiler version
configure:3154: gcc --version >&5
gcc (GCC) 8.3.0
Copyright (C) 2018 Free Software Foundation, Inc.
This is free software; see the source for copying conditions.  There is NO
warranty; not even for MERCHANTABILITY or FITNESS FOR A PARTICULAR PURPOSE.

configure:3165: $? = 0
configure:3154: gcc -v >&5
Using built-in specs.
COLLECT_GCC=gcc
COLLECT_LTO_WRAPPER=/usr/lib/gcc/x86_64-pc-linux-gnu/8.3.0/lto-wrapper
Target: x86_64-pc-linux-gnu
Configured with: /build/gcc/src/gcc/configure --prefix=/usr --libdir=/usr/lib --libexecdir=/usr/lib --mandir=/usr/share/man --infodir=/usr/share/info --with-bugurl=https://bugs.archlinux.org/ --enable-languages=c,c++,ada,fortran,go,lto,objc,obj-c++ --enable-shared --enable-threads=posix --enable-libmpx --with-system-zlib --with-isl --enable-__cxa_atexit --disable-libunwind-exceptions --enable-clocale=gnu --disable-libstdcxx-pch --disable-libssp --enable-gnu-unique-object --enable-linker-build-id --enable-lto --enable-plugin --enable-install-libiberty --with-linker-hash-style=gnu --enable-gnu-indirect-function --enable-multilib --disable-werror --enable-checking=release --enable-default-pie --enable-default-ssp --enable-cet=auto
Thread model: posix
gcc version 8.3.0 (GCC) 
configure:3165: $? = 0
configure:3154: gcc -V >&5
gcc: error: unrecognized command line option '-V'
gcc: fatal error: no input files
compilation terminated.
configure:3165: $? = 1
configure:3154: gcc -qversion >&5
gcc: error: unrecognized command line option '-qversion'; did you mean '--version'?
gcc: fatal error: no input files
compilation terminated.
configure:3165: $? = 1
configure:3185: checking whether the C compiler works
configure:3207: gcc    conftest.c  >&5
configure:3211: $? = 0
configure:3259: result: yes
configure:3262: checking for C compiler default output file name
configure:3264: result: a.out
configure:3270: checking for suffix of executables
configure:3277: gcc -o conftest    conftest.c  >&5
configure:3281: $? = 0
configure:3303: result: 
configure:3325: checking whether we are cross compiling
configure:3333: gcc -o conftest    conftest.c  >&5
configure:3337: $? = 0
configure:3344: ./conftest
configure:3348: $? = 0
configure:3336: result: no
configure:3341: checking for suffix of object files
configure:3363: gcc -c   conftest.c >&5
configure:3367: $? = 0
configure:3388: result: o
configure:3392: checking whether we are using the GNU C compiler
configure:3411: gcc -c   conftest.c >&5
configure:3411: $? = 0
configure:3420: result: yes
configure:3429: checking whether gcc accepts -g
configure:3449: gcc -c -g  conftest.c >&5
configure:3449: $? = 0
configure:3490: result: yes
configure:3507: checking for gcc option to accept ISO C89
configure:3570: gcc  -c -g -O2  conftest.c >&5
configure:3570: $? = 0
configure:3583: result: none needed
configure:3608: checking whether gcc understands -c and -o together
configure:3630: gcc -c conftest.c -o conftest2.o
configure:3633: $? = 0
configure:3630: gcc -c conftest.c -o conftest2.o
configure:3633: $? = 0
configure:3645: result: yes
configure:3665: checking whether make supports the include directive
configure:3680: make -f confmf.GNU && cat confinc.out
make[3]: Entering directory '/home/martin/ti-openocd/openocd/src/jtag/drivers/libjaylink'
make[3]: Leaving directory '/home/martin/ti-openocd/openocd/src/jtag/drivers/libjaylink'
this is the am__doit target
configure:3683: $? = 0
configure:3702: result: yes (GNU style)
configure:3727: checking dependency style of gcc
configure:3838: result: gcc3
configure:3907: checking for ar
configure:3923: found /usr/bin/ar
configure:3934: result: ar
configure:3960: checking the archiver (ar) interface
configure:3976: gcc -c -g -O2  conftest.c >&5
configure:3976: $? = 0
configure:3978: ar cru libconftest.a conftest.o >&5
ar: `u' modifier ignored since `D' is the default (see `U')
configure:3981: $? = 0
configure:3980: result: ar
configure:4048: checking how to print strings
configure:4075: result: printf
configure:4096: checking for a sed that does not truncate output
configure:4160: result: /usr/bin/sed
configure:4178: checking for grep that handles long lines and -e
configure:4236: result: /usr/bin/grep
configure:4241: checking for egrep
configure:4303: result: /usr/bin/grep -E
configure:4308: checking for fgrep
configure:4370: result: /usr/bin/grep -F
configure:4405: checking for ld used by gcc
configure:4472: result: /usr/bin/ld
configure:4479: checking if the linker (/usr/bin/ld) is GNU ld
configure:4494: result: yes
configure:4506: checking for BSD- or MS-compatible name lister (nm)
configure:4560: result: /usr/bin/nm -B
configure:4690: checking the name lister (/usr/bin/nm -B) interface
configure:4697: gcc -c -g -O2  conftest.c >&5
configure:4700: /usr/bin/nm -B "conftest.o"
configure:4703: output
0000000000000000 B some_variable
configure:4704: result: BSD nm
configure:4707: checking whether ln -s works
configure:4711: result: yes
configure:4719: checking the maximum length of command line arguments
configure:4850: result: 1572864
configure:4898: checking how to convert x86_64-pc-linux-gnu file names to x86_64-pc-linux-gnu format
configure:4938: result: func_convert_file_noop
configure:4945: checking how to convert x86_64-pc-linux-gnu file names to toolchain format
configure:4965: result: func_convert_file_noop
configure:4972: checking for /usr/bin/ld option to reload object files
configure:4979: result: -r
configure:5053: checking for objdump
configure:5069: found /usr/bin/objdump
configure:5080: result: objdump
configure:5112: checking how to recognize dependent libraries
configure:5312: result: pass_all
configure:5397: checking for dlltool
configure:5427: result: no
configure:5457: checking how to associate runtime and link libraries
configure:5484: result: printf %s\n
configure:5624: checking for archiver @FILE support
configure:5641: gcc -c -g -O2  conftest.c >&5
configure:5641: $? = 0
configure:5644: ar cr libconftest.a @conftest.lst >&5
configure:5647: $? = 0
configure:5652: ar cr libconftest.a @conftest.lst >&5
ar: conftest.o: No such file or directory
configure:5655: $? = 1
configure:5654: result: @
configure:5712: checking for strip
configure:5728: found /usr/bin/strip
configure:5739: result: strip
configure:5811: checking for ranlib
configure:5827: found /usr/bin/ranlib
configure:5838: result: ranlib
configure:5940: checking command to parse /usr/bin/nm -B output from gcc object
configure:6093: gcc -c -g -O2  conftest.c >&5
configure:6096: $? = 0
configure:6100: /usr/bin/nm -B conftest.o \| sed -n -e 's/^.*[ ]\([ABCDGIRSTW][ABCDGIRSTW]*\)[ ][ ]*\([_A-Za-z][_A-Za-z0-9]*\)$/\1 \2 \2/p' | sed '/ __gnu_lto/d' \> conftest.nm
configure:6103: $? = 0
configure:6169: gcc -o conftest -g -O2   conftest.c conftstm.o >&5
configure:6172: $? = 0
configure:6210: result: ok
configure:6257: checking for sysroot
configure:6287: result: no
configure:6294: checking for a working dd
configure:6332: result: /usr/bin/dd
configure:6336: checking how to truncate binary pipes
configure:6351: result: /usr/bin/dd bs=4096 count=1
configure:6487: gcc -c -g -O2  conftest.c >&5
configure:6490: $? = 0
configure:6680: checking for mt
configure:6710: result: no
configure:6730: checking if : is a manifest tool
configure:6736: : '-?'
configure:6744: result: no
configure:7421: checking how to run the C preprocessor
configure:7452: gcc -E  conftest.c
configure:7452: $? = 0
configure:7466: gcc -E  conftest.c
conftest.c:11:10: fatal error: ac_nonexistent.h: No such file or directory
 #include <ac_nonexistent.h>
          ^~~~~~~~~~~~~~~~~~
compilation terminated.
configure:7466: $? = 1
configure: failed program was:
| /* confdefs.h */
| #define PACKAGE_NAME "libjaylink"
| #define PACKAGE_TARNAME "libjaylink"
| #define PACKAGE_VERSION "0.1.0"
| #define PACKAGE_STRING "libjaylink 0.1.0"
| #define PACKAGE_BUGREPORT "jaylink-dev@marcschink.de"
| #define PACKAGE_URL "http://git.zapb.de/libjaylink.git"
| #define PACKAGE "libjaylink"
| #define VERSION "0.1.0"
| /* end confdefs.h.  */
| #include <ac_nonexistent.h>
configure:7491: result: gcc -E
configure:7511: gcc -E  conftest.c
configure:7511: $? = 0
configure:7525: gcc -E  conftest.c
conftest.c:11:10: fatal error: ac_nonexistent.h: No such file or directory
 #include <ac_nonexistent.h>
          ^~~~~~~~~~~~~~~~~~
compilation terminated.
configure:7525: $? = 1
configure: failed program was:
| /* confdefs.h */
| #define PACKAGE_NAME "libjaylink"
| #define PACKAGE_TARNAME "libjaylink"
| #define PACKAGE_VERSION "0.1.0"
| #define PACKAGE_STRING "libjaylink 0.1.0"
| #define PACKAGE_BUGREPORT "jaylink-dev@marcschink.de"
| #define PACKAGE_URL "http://git.zapb.de/libjaylink.git"
| #define PACKAGE "libjaylink"
| #define VERSION "0.1.0"
| /* end confdefs.h.  */
| #include <ac_nonexistent.h>
configure:7554: checking for ANSI C header files
configure:7574: gcc -c -g -O2  conftest.c >&5
configure:7574: $? = 0
configure:7647: gcc -o conftest -g -O2   conftest.c  >&5
configure:7647: $? = 0
configure:7647: ./conftest
configure:7647: $? = 0
configure:7658: result: yes
configure:7671: checking for sys/types.h
configure:7671: gcc -c -g -O2  conftest.c >&5
configure:7671: $? = 0
configure:7671: result: yes
configure:7671: checking for sys/stat.h
configure:7671: gcc -c -g -O2  conftest.c >&5
configure:7671: $? = 0
configure:7671: result: yes
configure:7671: checking for stdlib.h
configure:7671: gcc -c -g -O2  conftest.c >&5
configure:7671: $? = 0
configure:7671: result: yes
configure:7671: checking for string.h
configure:7671: gcc -c -g -O2  conftest.c >&5
configure:7671: $? = 0
configure:7671: result: yes
configure:7671: checking for memory.h
configure:7671: gcc -c -g -O2  conftest.c >&5
configure:7671: $? = 0
configure:7671: result: yes
configure:7671: checking for strings.h
configure:7671: gcc -c -g -O2  conftest.c >&5
configure:7671: $? = 0
configure:7671: result: yes
configure:7671: checking for inttypes.h
configure:7671: gcc -c -g -O2  conftest.c >&5
configure:7671: $? = 0
configure:7671: result: yes
configure:7671: checking for stdint.h
configure:7671: gcc -c -g -O2  conftest.c >&5
configure:7671: $? = 0
configure:7671: result: yes
configure:7671: checking for unistd.h
configure:7671: gcc -c -g -O2  conftest.c >&5
configure:7671: $? = 0
configure:7671: result: yes
configure:7685: checking for dlfcn.h
configure:7685: gcc -c -g -O2  conftest.c >&5
configure:7685: $? = 0
configure:7685: result: yes
configure:7941: checking for objdir
configure:7956: result: .libs
configure:8220: checking if gcc supports -fno-rtti -fno-exceptions
configure:8238: gcc -c -g -O2  -fno-rtti -fno-exceptions conftest.c >&5
cc1: warning: command line option '-fno-rtti' is valid for C++/ObjC++ but not for C
configure:8242: $? = 0
configure:8255: result: no
configure:8613: checking for gcc option to produce PIC
configure:8620: result: -fPIC -DPIC
configure:8628: checking if gcc PIC flag -fPIC -DPIC works
configure:8646: gcc -c -g -O2  -fPIC -DPIC -DPIC conftest.c >&5
configure:8650: $? = 0
configure:8663: result: yes
configure:8692: checking if gcc static flag -static works
configure:8720: result: yes
configure:8735: checking if gcc supports -c -o file.o
configure:8756: gcc -c -g -O2  -o out/conftest2.o conftest.c >&5
configure:8760: $? = 0
configure:8782: result: yes
configure:8790: checking if gcc supports -c -o file.o
configure:8837: result: yes
configure:8870: checking whether the gcc linker (/usr/bin/ld -m elf_x86_64) supports shared libraries
configure:10131: result: yes
configure:10168: checking whether -lc should be explicitly linked in
configure:10176: gcc -c -g -O2  conftest.c >&5
configure:10179: $? = 0
configure:10194: gcc -shared  -fPIC -DPIC conftest.o  -v -Wl,-soname -Wl,conftest -o conftest 2\>\&1 \| /usr/bin/grep  -lc  \>/dev/null 2\>\&1
configure:10197: $? = 0
configure:10211: result: no
configure:10371: checking dynamic linker characteristics
configure:10952: gcc -o conftest -g -O2   -Wl,-rpath -Wl,/foo conftest.c  >&5
configure:10952: $? = 0
configure:11189: result: GNU/Linux ld.so
configure:11311: checking how to hardcode library paths into programs
configure:11336: result: immediate
configure:11884: checking whether stripping libraries is possible
configure:11893: result: yes
configure:11935: checking if libtool supports shared libraries
configure:11937: result: yes
configure:11940: checking whether to build shared libraries
configure:11965: result: yes
configure:11968: checking whether to build static libraries
configure:11972: result: yes
configure:8844: checking for pkg-config
configure:8862: found /usr/bin/pkg-config
configure:8874: result: /usr/bin/pkg-config
configure:8899: checking pkg-config is at least version 0.9.0
configure:8902: result: yes
configure:8916: checking for libusb
configure:8923: $PKG_CONFIG --exists --print-errors "libusb-1.0 >= 1.0.9"
configure:8926: $? = 0
configure:8940: $PKG_CONFIG --exists --print-errors "libusb-1.0 >= 1.0.9"
configure:8943: $? = 0
configure:9001: result: yes
configure:9009: checking whether byte ordering is bigendian
configure:9024: gcc -c -g -O2  conftest.c >&5
conftest.c:24:9: error: unknown type name 'not'
         not a universal capable compiler
         ^~~
conftest.c:24:15: error: expected '=', ',', ';', 'asm' or '__attribute__' before 'universal'
         not a universal capable compiler
               ^~~~~~~~~
conftest.c:24:15: error: unknown type name 'universal'
configure:9024: $? = 1
configure: failed program was:
| /* confdefs.h */
| #define PACKAGE_NAME "libjaylink"
| #define PACKAGE_TARNAME "libjaylink"
| #define PACKAGE_VERSION "0.1.0"
| #define PACKAGE_STRING "libjaylink 0.1.0"
| #define PACKAGE_BUGREPORT "jaylink-dev@marcschink.de"
| #define PACKAGE_URL "http://git.zapb.de/libjaylink.git"
| #define PACKAGE "libjaylink"
| #define VERSION "0.1.0"
| #define STDC_HEADERS 1
| #define HAVE_SYS_TYPES_H 1
| #define HAVE_SYS_STAT_H 1
| #define HAVE_STDLIB_H 1
| #define HAVE_STRING_H 1
| #define HAVE_MEMORY_H 1
| #define HAVE_STRINGS_H 1
| #define HAVE_INTTYPES_H 1
| #define HAVE_STDINT_H 1
| #define HAVE_UNISTD_H 1
| #define HAVE_DLFCN_H 1
| #define LT_OBJDIR ".libs/"
| /* end confdefs.h.  */
| #ifndef __APPLE_CC__
| 	       not a universal capable compiler
| 	     #endif
| 	     typedef int dummy;
| 
configure:9069: gcc -c -g -O2  conftest.c >&5
configure:9069: $? = 0
configure:9087: gcc -c -g -O2  conftest.c >&5
conftest.c: In function 'main':
conftest.c:30:4: error: unknown type name 'not'; did you mean 'ino_t'?
    not big endian
    ^~~
    ino_t
conftest.c:30:12: error: expected '=', ',', ';', 'asm' or '__attribute__' before 'endian'
    not big endian
            ^~~~~~
configure:9087: $? = 1
configure: failed program was:
| /* confdefs.h */
| #define PACKAGE_NAME "libjaylink"
| #define PACKAGE_TARNAME "libjaylink"
| #define PACKAGE_VERSION "0.1.0"
| #define PACKAGE_STRING "libjaylink 0.1.0"
| #define PACKAGE_BUGREPORT "jaylink-dev@marcschink.de"
| #define PACKAGE_URL "http://git.zapb.de/libjaylink.git"
| #define PACKAGE "libjaylink"
| #define VERSION "0.1.0"
| #define STDC_HEADERS 1
| #define HAVE_SYS_TYPES_H 1
| #define HAVE_SYS_STAT_H 1
| #define HAVE_STDLIB_H 1
| #define HAVE_STRING_H 1
| #define HAVE_MEMORY_H 1
| #define HAVE_STRINGS_H 1
| #define HAVE_INTTYPES_H 1
| #define HAVE_STDINT_H 1
| #define HAVE_UNISTD_H 1
| #define HAVE_DLFCN_H 1
| #define LT_OBJDIR ".libs/"
| /* end confdefs.h.  */
| #include <sys/types.h>
| 		#include <sys/param.h>
| 
| int
| main ()
| {
| #if BYTE_ORDER != BIG_ENDIAN
| 		 not big endian
| 		#endif
| 
|   ;
|   return 0;
| }
configure:9215: result: no
configure:9452: checking that generated files are newer than configure
configure:9458: result: done
configure:9486: creating ./config.status

## ---------------- ##
## Cache variables. ##
## ---------------- ##

ac_cv_build=x86_64-pc-linux-gnu
ac_cv_c_bigendian=no
ac_cv_c_compiler_gnu=yes
ac_cv_env_CC_set=
ac_cv_env_CC_value=
ac_cv_env_CFLAGS_set=
ac_cv_env_CFLAGS_value=
ac_cv_env_CPPFLAGS_set=
ac_cv_env_CPPFLAGS_value=
ac_cv_env_CPP_set=
ac_cv_env_CPP_value=
ac_cv_env_LDFLAGS_set=
ac_cv_env_LDFLAGS_value=
ac_cv_env_LIBS_set=
ac_cv_env_LIBS_value=
ac_cv_env_LT_SYS_LIBRARY_PATH_set=
ac_cv_env_LT_SYS_LIBRARY_PATH_value=
ac_cv_env_PKG_CONFIG_LIBDIR_set=
ac_cv_env_PKG_CONFIG_LIBDIR_value=
ac_cv_env_PKG_CONFIG_PATH_set=
ac_cv_env_PKG_CONFIG_PATH_value=
ac_cv_env_PKG_CONFIG_set=
ac_cv_env_PKG_CONFIG_value=
ac_cv_env_build_alias_set=
ac_cv_env_build_alias_value=
ac_cv_env_host_alias_set=
ac_cv_env_host_alias_value=
ac_cv_env_libusb_CFLAGS_set=
ac_cv_env_libusb_CFLAGS_value=
ac_cv_env_libusb_LIBS_set=
ac_cv_env_libusb_LIBS_value=
ac_cv_env_target_alias_set=
ac_cv_env_target_alias_value=
ac_cv_header_dlfcn_h=yes
ac_cv_header_inttypes_h=yes
ac_cv_header_memory_h=yes
ac_cv_header_stdc=yes
ac_cv_header_stdint_h=yes
ac_cv_header_stdlib_h=yes
ac_cv_header_string_h=yes
ac_cv_header_strings_h=yes
ac_cv_header_sys_stat_h=yes
ac_cv_header_sys_types_h=yes
ac_cv_header_unistd_h=yes
ac_cv_host=x86_64-pc-linux-gnu
ac_cv_objext=o
ac_cv_path_EGREP='/usr/bin/grep -E'
ac_cv_path_FGREP='/usr/bin/grep -F'
ac_cv_path_GREP=/usr/bin/grep
ac_cv_path_SED=/usr/bin/sed
ac_cv_path_ac_pt_PKG_CONFIG=/usr/bin/pkg-config
ac_cv_path_install='/usr/bin/install -c'
ac_cv_path_lt_DD=/usr/bin/dd
ac_cv_path_mkdir=/usr/bin/mkdir
ac_cv_prog_AWK=gawk
ac_cv_prog_CPP='gcc -E'
ac_cv_prog_ac_ct_AR=ar
ac_cv_prog_ac_ct_CC=gcc
ac_cv_prog_ac_ct_OBJDUMP=objdump
ac_cv_prog_ac_ct_RANLIB=ranlib
ac_cv_prog_ac_ct_STRIP=strip
ac_cv_prog_cc_c89=
ac_cv_prog_cc_g=yes
ac_cv_prog_make_make_set=yes
am_cv_CC_dependencies_compiler_type=gcc3
am_cv_ar_interface=ar
am_cv_make_support_nested_variables=yes
am_cv_prog_cc_c_o=yes
lt_cv_ar_at_file=@
lt_cv_archive_cmds_need_lc=no
lt_cv_deplibs_check_method=pass_all
lt_cv_file_magic_cmd='$MAGIC_CMD'
lt_cv_file_magic_test_file=
lt_cv_ld_reload_flag=-r
lt_cv_nm_interface='BSD nm'
lt_cv_objdir=.libs
lt_cv_path_LD=/usr/bin/ld
lt_cv_path_NM='/usr/bin/nm -B'
lt_cv_path_mainfest_tool=no
lt_cv_prog_compiler_c_o=yes
lt_cv_prog_compiler_pic='-fPIC -DPIC'
lt_cv_prog_compiler_pic_works=yes
lt_cv_prog_compiler_rtti_exceptions=no
lt_cv_prog_compiler_static_works=yes
lt_cv_prog_gnu_ld=yes
lt_cv_sharedlib_from_linklib_cmd='printf %s\n'
lt_cv_shlibpath_overrides_runpath=no
lt_cv_sys_global_symbol_pipe='sed -n -e '\''s/^.*[	 ]\([ABCDGIRSTW][ABCDGIRSTW]*\)[	 ][	 ]*\([_A-Za-z][_A-Za-z0-9]*\)$/\1 \2 \2/p'\'' | sed '\''/ __gnu_lto/d'\'''
lt_cv_sys_global_symbol_to_c_name_address='sed -n -e '\''s/^: \(.*\) .*$/  {"\1", (void *) 0},/p'\'' -e '\''s/^[ABCDGIRSTW][ABCDGIRSTW]* .* \(.*\)$/  {"\1", (void *) \&\1},/p'\'''
lt_cv_sys_global_symbol_to_c_name_address_lib_prefix='sed -n -e '\''s/^: \(.*\) .*$/  {"\1", (void *) 0},/p'\'' -e '\''s/^[ABCDGIRSTW][ABCDGIRSTW]* .* \(lib.*\)$/  {"\1", (void *) \&\1},/p'\'' -e '\''s/^[ABCDGIRSTW][ABCDGIRSTW]* .* \(.*\)$/  {"lib\1", (void *) \&\1},/p'\'''
lt_cv_sys_global_symbol_to_cdecl='sed -n -e '\''s/^T .* \(.*\)$/extern int \1();/p'\'' -e '\''s/^[ABCDGIRSTW][ABCDGIRSTW]* .* \(.*\)$/extern char \1;/p'\'''
lt_cv_sys_global_symbol_to_import=
lt_cv_sys_max_cmd_len=1572864
lt_cv_to_host_file_cmd=func_convert_file_noop
lt_cv_to_tool_file_cmd=func_convert_file_noop
lt_cv_truncate_bin='/usr/bin/dd bs=4096 count=1'
pkg_cv_libusb_CFLAGS='-I/usr/include/libusb-1.0 '
pkg_cv_libusb_LIBS='-lusb-1.0 '

## ----------------- ##
## Output variables. ##
## ----------------- ##

ACLOCAL='${SHELL} /home/martin/ti-openocd/openocd/src/jtag/drivers/libjaylink/build-aux/missing aclocal-1.16'
AMDEPBACKSLASH='\'
AMDEP_FALSE='#'
AMDEP_TRUE=''
AMTAR='$${TAR-tar}'
AM_BACKSLASH='\'
AM_DEFAULT_V='$(AM_DEFAULT_VERBOSITY)'
AM_DEFAULT_VERBOSITY='1'
AM_LIBTOOLFLAGS='--silent'
AM_V='$(V)'
AR='ar'
AUTOCONF='${SHELL} /home/martin/ti-openocd/openocd/src/jtag/drivers/libjaylink/build-aux/missing autoconf'
AUTOHEADER='${SHELL} /home/martin/ti-openocd/openocd/src/jtag/drivers/libjaylink/build-aux/missing autoheader'
AUTOMAKE='${SHELL} /home/martin/ti-openocd/openocd/src/jtag/drivers/libjaylink/build-aux/missing automake-1.16'
AWK='gawk'
CC='gcc'
CCDEPMODE='depmode=gcc3'
CFLAGS='-g -O2'
CPP='gcc -E'
CPPFLAGS=''
CYGPATH_W='echo'
DEFS='-DHAVE_CONFIG_H'
DEPDIR='.deps'
DLLTOOL='false'
DSYMUTIL=''
DUMPBIN=''
ECHO_C=''
ECHO_N='-n'
ECHO_T=''
EGREP='/usr/bin/grep -E'
EXEEXT=''
FGREP='/usr/bin/grep -F'
GREP='/usr/bin/grep'
INSTALL_DATA='${INSTALL} -m 644'
INSTALL_PROGRAM='${INSTALL}'
INSTALL_SCRIPT='${INSTALL}'
INSTALL_STRIP_PROGRAM='$(install_sh) -c -s'
JAYLINK_CFLAGS='-Wall -Wextra -Werror -fvisibility=hidden'
JAYLINK_LDFLAGS=''
JAYLINK_LIBS=''
JAYLINK_VERSION_LIBRARY='0:0:0'
JAYLINK_VERSION_LIBRARY_AGE='0'
JAYLINK_VERSION_LIBRARY_CURRENT='0'
JAYLINK_VERSION_LIBRARY_REVISION='0'
JAYLINK_VERSION_PACKAGE='0.1.0'
JAYLINK_VERSION_PACKAGE_MAJOR='0'
JAYLINK_VERSION_PACKAGE_MICRO='0'
JAYLINK_VERSION_PACKAGE_MINOR='1'
LD='/usr/bin/ld -m elf_x86_64'
LDFLAGS=''
LIBOBJS=''
LIBS=''
LIBTOOL='$(SHELL) $(top_builddir)/libtool'
LIPO=''
LN_S='ln -s'
LTLIBOBJS=''
LT_SYS_LIBRARY_PATH=''
MAKEINFO='${SHELL} /home/martin/ti-openocd/openocd/src/jtag/drivers/libjaylink/build-aux/missing makeinfo'
MANIFEST_TOOL=':'
MKDIR_P='/usr/bin/mkdir -p'
NM='/usr/bin/nm -B'
NMEDIT=''
OBJDUMP='objdump'
OBJEXT='o'
OTOOL64=''
OTOOL=''
PACKAGE='libjaylink'
PACKAGE_BUGREPORT='jaylink-dev@marcschink.de'
PACKAGE_NAME='libjaylink'
PACKAGE_STRING='libjaylink 0.1.0'
PACKAGE_TARNAME='libjaylink'
PACKAGE_URL='http://git.zapb.de/libjaylink.git'
PACKAGE_VERSION='0.1.0'
PATH_SEPARATOR=':'
PKG_CONFIG='/usr/bin/pkg-config'
PKG_CONFIG_LIBDIR=''
PKG_CONFIG_PATH=''
RANLIB='ranlib'
SED='/usr/bin/sed'
SET_MAKE=''
SHELL='/bin/sh'
STRIP='strip'
SUBPROJECT_BUILD_FALSE='#'
SUBPROJECT_BUILD_TRUE=''
VERSION='0.1.0'
ac_ct_AR='ar'
ac_ct_CC='gcc'
ac_ct_DUMPBIN=''
am__EXEEXT_FALSE=''
am__EXEEXT_TRUE='#'
am__fastdepCC_FALSE='#'
am__fastdepCC_TRUE=''
am__include='include'
am__isrc=''
am__leading_dot='.'
am__nodep='_no'
am__quote=''
am__tar='$${TAR-tar} chof - "$$tardir"'
am__untar='$${TAR-tar} xf -'
bindir='${exec_prefix}/bin'
build='x86_64-pc-linux-gnu'
build_alias=''
build_cpu='x86_64'
build_os='linux-gnu'
build_vendor='pc'
datadir='${datarootdir}'
datarootdir='${prefix}/share'
docdir='${datarootdir}/doc/${PACKAGE_TARNAME}'
dvidir='${docdir}'
exec_prefix='${prefix}'
host='x86_64-pc-linux-gnu'
host_alias=''
host_cpu='x86_64'
host_os='linux-gnu'
host_vendor='pc'
htmldir='${docdir}'
includedir='${prefix}/include'
infodir='${datarootdir}/info'
install_sh='${SHELL} /home/martin/ti-openocd/openocd/src/jtag/drivers/libjaylink/build-aux/install-sh'
libdir='${exec_prefix}/lib'
libexecdir='${exec_prefix}/libexec'
libusb_CFLAGS='-I/usr/include/libusb-1.0 '
libusb_LIBS='-lusb-1.0 '
localedir='${datarootdir}/locale'
localstatedir='${prefix}/var'
mandir='${datarootdir}/man'
mkdir_p='$(MKDIR_P)'
oldincludedir='/usr/include'
pdfdir='${docdir}'
prefix='/usr/local'
program_transform_name='s,x,x,'
psdir='${docdir}'
sbindir='${exec_prefix}/sbin'
sharedstatedir='${prefix}/com'
sysconfdir='${prefix}/etc'
target_alias=''

## ----------- ##
## confdefs.h. ##
## ----------- ##

/* confdefs.h */
#define PACKAGE_NAME "libjaylink"
#define PACKAGE_TARNAME "libjaylink"
#define PACKAGE_VERSION "0.1.0"
#define PACKAGE_STRING "libjaylink 0.1.0"
#define PACKAGE_BUGREPORT "jaylink-dev@marcschink.de"
#define PACKAGE_URL "http://git.zapb.de/libjaylink.git"
#define PACKAGE "libjaylink"
#define VERSION "0.1.0"
#define STDC_HEADERS 1
#define HAVE_SYS_TYPES_H 1
#define HAVE_SYS_STAT_H 1
#define HAVE_STDLIB_H 1
#define HAVE_STRING_H 1
#define HAVE_MEMORY_H 1
#define HAVE_STRINGS_H 1
#define HAVE_INTTYPES_H 1
#define HAVE_STDINT_H 1
#define HAVE_UNISTD_H 1
#define HAVE_DLFCN_H 1
#define LT_OBJDIR ".libs/"

configure: exit 0

## ---------------------- ##
## Running config.status. ##
## ---------------------- ##

This file was extended by libjaylink config.status 0.1.0, which was
generated by GNU Autoconf 2.69.  Invocation command line was

  CONFIG_FILES    = 
  CONFIG_HEADERS  = 
  CONFIG_LINKS    = 
  CONFIG_COMMANDS = 
  $ ./config.status 

on AntergosBig

config.status:1104: creating Makefile
config.status:1104: creating libjaylink/Makefile
config.status:1104: creating libjaylink/version.h
config.status:1104: creating libjaylink.pc
config.status:1104: creating Doxyfile
config.status:1104: creating config.h
config.status:1285: config.h is unchanged
config.status:1333: executing depfiles commands
config.status:1410: cd libjaylink       && sed -e '/# am--include-marker/d' Makefile         | make -f - am--depfiles
make[3]: Entering directory '/home/martin/ti-openocd/openocd/src/jtag/drivers/libjaylink/libjaylink'
make[3]: Nothing to be done for 'am--depfiles'.
make[3]: Leaving directory '/home/martin/ti-openocd/openocd/src/jtag/drivers/libjaylink/libjaylink'
config.status:1415: $? = 0
config.status:1333: executing libtool commands
